SIMAN Run Controller.

0.16008204 Hours>
                                      ARENA Simulation Results
                                      Adolfo - License: STUDENT

                                  Summary for Replication 1 of 1

Project: Unnamed Project                                             Run execution date : 1/11/2021
Analyst: Windows User                                                Model revision date: 1/11/2021

Replication ended at time      : 0.16008204 Hours 
Base Time Units: Hours

                                           TALLY VARIABLES

Identifier                                  Average   Half Width  Minimum    Maximum   Observations
___________________________________________________________________________________________________

Part B.VATime                               .00000     (Insuf)    .00000     .00000          4    
Part B.NVATime                              .00000     (Insuf)    .00000     .00000          4    
Part B.WaitTime                             .00000     (Insuf)    .00000     .00000          4    
Part B.TranTime                             .00000     (Insuf)    .00000     .00000          4    
Part B.OtherTime                            .00000     (Insuf)    .00000     .00000          4    
Part B.TotalTime                            .00000     (Insuf)    .00000     .00000          4    
Parte C.VATime                              .04884     (Insuf)    .03961     .06457          3    
Parte C.NVATime                             .00000     (Insuf)    .00000     .00000          3    
Parte C.WaitTime                            .04227     (Insuf)    .00000     .09298          3    
Parte C.TranTime                            .00000     (Insuf)    .00000     .00000          3    
Parte C.OtherTime                           .00000     (Insuf)    .00000     .00000          3    
Parte C.TotalTime                           .09112     (Insuf)    .03961     .13533          3    
Parte A.VATime                              .00000     (Insuf)    .00000     .00000          7    
Parte A.NVATime                             .00000     (Insuf)    .00000     .00000          7    
Parte A.WaitTime                            .02841     (Insuf)    .00201     .05812          7    
Parte A.TranTime                            .00000     (Insuf)    .00000     .00000          7    
Parte A.OtherTime                           .00000     (Insuf)    .00000     .00000          7    
Parte A.TotalTime                           .02841     (Insuf)    .00201     .05812          7    
Mantener hasta que los dos sean mayor a 1.  .02925     (Insuf)    .00000     .07273         18    
Proceso 1.Queue.WaitingTime                 .01254     (Insuf)    .00000     .02848          4    

                                     DISCRETE-CHANGE VARIABLES

Identifier                                  Average   Half Width  Minimum    Maximum   Final Value
___________________________________________________________________________________________________

Part B.WIP                                  .00000     (Insuf)    .00000     1.0000     .00000    
Parte C.WIP                                 1.2285     (Insuf)    .00000     2.0000     1.0000    
Parte A.WIP                                 3.2893     (Insuf)    .00000     6.0000     3.0000    
Maquina procesado.NumberBusy                .91534     (Insuf)    .00000     1.0000     1.0000    
Maquina procesado.NumberScheduled           1.0000     (Insuf)    1.0000     1.0000     1.0000    
Maquina procesado.Utilization               .91534     (Insuf)    .00000     1.0000     1.0000    
Mantener hasta que los dos sean mayor a 1.  3.2893     (Insuf)    .00000     7.0000     .00000    
Proceso 1.Queue.NumberInQueue               .31322     (Insuf)    .00000     1.0000     .00000    

                                             COUNTERS

Identifier                                    Count   Limit
_____________________________________________________________

Contador salida#                                  3  Infinite

                                             OUTPUTS

Identifier                                   Value
_____________________________________________________________

Part B.NumberIn                             4.0000    
Part B.NumberOut                            4.0000    
Parte C.NumberIn                            4.0000    
Parte C.NumberOut                           3.0000    
Parte A.NumberIn                            14.000    
Parte A.NumberOut                           11.000    
Maquina procesado.NumberSeized              4.0000    
Maquina procesado.ScheduledUtilization      .91534    
System.NumberOut                            14.000    


Simulation run time: 0.52 minutes.
Simulation run complete.
