SIMAN Run Controller.

2.6213464 Hours>
                                      ARENA Simulation Results
                                      Adolfo - License: STUDENT

                                  Summary for Replication 1 of 1

Project: Unnamed Project                                             Run execution date : 1/ 4/2021
Analyst: Adolfo                                                      Model revision date: 1/ 4/2021

Replication ended at time      : 2.6213464 Hours 
Base Time Units: Hours

                                           TALLY VARIABLES

Identifier                                  Average   Half Width  Minimum    Maximum   Observations
___________________________________________________________________________________________________

Entity 1.VATime                             .00000     (Insuf)    .00000     .00000          6    
Entity 1.NVATime                            .00000     (Insuf)    .00000     .00000          6    
Entity 1.WaitTime                           .00000     (Insuf)    .00000     .00000          6    
Entity 1.TranTime                           .00000     (Insuf)    .00000     .00000          6    
Entity 1.OtherTime                          .00000     (Insuf)    .00000     .00000          6    
Entity 1.TotalTime                          .00000     (Insuf)    .00000     .00000          6    

                                     DISCRETE-CHANGE VARIABLES

Identifier                                  Average   Half Width  Minimum    Maximum   Final Value
___________________________________________________________________________________________________

Entity 1.WIP                                .00000     (Insuf)    .00000     1.0000     .00000    

                                             OUTPUTS

Identifier                                   Value
_____________________________________________________________

Entity 1.NumberIn                           6.0000    
Entity 1.NumberOut                          6.0000    
System.NumberOut                            6.0000    


Simulation run time: 0.15 minutes.
Simulation run complete.
